11:49:10.637 [Test worker] INFO  com.busanit501.jsp_server_project1.service._0204_6_TodoServiceTests-로그 라이브러리 log4j2 기능 테스트
11:49:10.643 [Test worker] INFO  com.busanit501.jsp_server_project1.service._0204_6_TodoServiceTests-_0204_1_TodoDTO(tno=null, title=샘플 제목, 오늘 점심 뭐 먹지?, dueDate=2026-02-04, finished=true)
10:55:16.118 [Test worker] INFO  com.busanit501.jsp_server_project1.service._0209_22_MemberServiceTests-멤버 서비스 로그인 테스트 memberDTO: _0209_18_MemberDTO(mid=pjh, mpw=1234, mname=박지효1)
10:55:26.014 [Test worker] INFO  com.busanit501.jsp_server_project1.service._0209_22_MemberServiceTests-멤버 서비스 로그인 테스트 memberDTO: _0209_18_MemberDTO(mid=pjh, mpw=1234, mname=박지효1)
15:26:59.592 [Test worker] INFO  com.busanit501.jsp_server_project1.dao._0209_20_MemberDAOTests-임시 로그인, 유저 조회 결과 : _0209_17_MemberVO(mid=pjh, mpw=1234, mname=박지효1, uuid=null)
15:27:15.350 [Test worker] INFO  com.busanit501.jsp_server_project1.dao._0209_20_MemberDAOTests-임시 로그인, 유저 조회 결과 : _0209_17_MemberVO(mid=pjh, mpw=1234, mname=박지효1, uuid=null)
15:27:36.769 [Test worker] INFO  com.busanit501.jsp_server_project1.dao._0209_20_MemberDAOTests-임시 로그인, 유저 조회 결과 : _0209_17_MemberVO(mid=pjh, mpw=1234, mname=박지효1, uuid=null)
15:27:38.963 [Test worker] INFO  com.busanit501.jsp_server_project1.dao._0209_20_MemberDAOTests-임시 로그인, 유저 조회 결과 : _0209_17_MemberVO(mid=pjh, mpw=1234, mname=박지효1, uuid=null)
15:28:14.223 [Test worker] INFO  com.busanit501.jsp_server_project1.dao._0209_20_MemberDAOTests-임시 로그인, 유저 조회 결과 : _0209_17_MemberVO(mid=pjh, mpw=1234, mname=박지효1, uuid=null)
15:41:20.253 [Test worker] INFO  com.busanit501.jsp_server_project1.service._0209_22_MemberServiceTests-uuid 를 이용한 조회 멤버 서비스 로그인 테스트2 memberDTO: _0209_18_MemberDTO(mid=pjh, mpw=1234, mname=박지효1, uuid=779ba66f-b4d9-4d82-af9e-d9c066bf707f)
10:46:01.884 [Test worker] INFO  com.busanit501.jsp_server_project1.sample.SampleTests-실제 객체가 활성화가 되었는지 여부를 객체를 조회해보기,com.busanit501.jsp_server_project1.springex_0212.sample._2_SampleService_0212@7068f7ca
10:47:24.541 [Test worker] INFO  com.busanit501.jsp_server_project1.sample.SampleTests-실제 객체가 활성화가 되었는지 여부를 객체를 조회해보기,com.busanit501.jsp_server_project1.springex_0212.sample._2_SampleService_0212@7068f7ca
10:57:32.590 [Test worker] INFO  com.busanit501.jsp_server_project1.sample.SampleTests-실제 객체가 활성화가 되었는지 여부를 객체를 조회해보기,com.busanit501.jsp_server_project1.springex_0212.sample._2_SampleService_0212@7068f7ca
10:59:00.430 [Test worker] INFO  com.busanit501.jsp_server_project1.sample.SampleTests-실제 객체가 활성화가 되었는지 여부를 객체를 조회해보기,com.busanit501.jsp_server_project1.springex_0212.sample._2_SampleService_0212@7068f7ca
11:04:34.043 [Test worker] INFO  com.busanit501.jsp_server_project1.sample.SampleTests-실제 객체가 활성화가 되었는지 여부를 객체를 조회해보기,com.busanit501.jsp_server_project1.springex_0212.sample._2_SampleService_0212@7068f7ca
11:34:16.103 [Test worker] INFO  com.busanit501.jsp_server_project1.sample.SampleTests-실제 객체가 활성화가 되었는지 여부를 객체를 조회해보기,com.busanit501.jsp_server_project1.springex_0212.sample._2_SampleService_0212@4632cfc
14:30:43.691 [Test worker] INFO  com.busanit501.jsp_server_project1.sample.SampleTests-실제 객체가 활성화가 되었는지 여부를 객체를 조회해보기,_2_SampleService_0212(sampleDAO0212=com.busanit501.jsp_server_project1.springex_0212.sample._4_EventSampleDAOImpl_0212@522ba524)
14:36:13.947 [Test worker] INFO  com.busanit501.jsp_server_project1.sample.SampleTests-실제 객체가 활성화가 되었는지 여부를 객체를 조회해보기,_2_SampleService_0212(sampleDAO0212=com.busanit501.jsp_server_project1.springex_0212.sample._4_EventSampleDAOImpl_0212@17d2ed1b)
14:38:18.545 [Test worker] INFO  com.busanit501.jsp_server_project1.sample.SampleTests-실제 객체가 활성화가 되었는지 여부를 객체를 조회해보기,_2_SampleService_0212(sampleDAO0212=com.busanit501.jsp_server_project1.springex_0212.sample._4_EventSampleDAOImpl_0212@17d2ed1b)
14:40:41.239 [Test worker] INFO  com.busanit501.jsp_server_project1.sample.SampleTests-실제 객체가 활성화가 되었는지 여부를 객체를 조회해보기,_2_SampleService_0212(sampleDAO0212=com.busanit501.jsp_server_project1.springex_0212.sample._4_EventSampleDAOImpl_0212@185f7840)
15:01:25.344 [Test worker] INFO  com.busanit501.jsp_server_project1.sample.SampleTests-실제 객체가 활성화가 되었는지 여부를 객체를 조회해보기,_2_SampleService_0212(sampleDAO0212=com.busanit501.jsp_server_project1.springex_0212.sample._3_SampleDAOImpl_0212@656d10a4)
15:35:06.024 [Test worker] INFO  com.busanit501.jsp_server_project1.sample.SampleTests-실제 객체가 활성화가 되었는지 여부를 객체를 조회해보기,_2_SampleService_0212(sampleDAO0212=com.busanit501.jsp_server_project1.springex_0212.sample._3_SampleDAOImpl_0212@36fcf6c0)
15:40:15.464 [Test worker] INFO  com.busanit501.jsp_server_project1.sample.SampleTests-testConnection : HikariProxyConnection@69160933 wrapping org.mariadb.jdbc.Connection@4f966719
16:34:16.814 [Test worker] INFO  com.busanit501.jsp_server_project1.mapper.TimeMapperTests-시간 확인으로 마이바티스 임시 연결 확인 : 2026-02-12 16:34:16
16:47:06.631 [Test worker] INFO  com.busanit501.jsp_server_project1.mapper.TimeMapperTests-시간 확인으로 마이바티스 임시 연결 확인 : 2026-02-12 16:47:06
16:47:37.937 [Test worker] INFO  com.busanit501.jsp_server_project1.sample.SampleTests-testConnection : HikariProxyConnection@1273675500 wrapping org.mariadb.jdbc.Connection@d48673
16:47:37.957 [Test worker] INFO  com.busanit501.jsp_server_project1.sample.SampleTests-실제 객체가 활성화가 되었는지 여부를 객체를 조회해보기,_2_SampleService_0212(sampleDAO0212=com.busanit501.jsp_server_project1.springex_0212.sample._3_SampleDAOImpl_0212@46185a1b)
11:13:36.935 [Test worker] INFO  com.busanit501.jsp_server_project1.mapper.TimeMapperTests-시간 확인으로 마이바티스 임시 연결 확인 : 2026-02-13 11:13:36
